#
# A fatal error has been detected by the Java Runtime Environment:
#
#  SIGSEGV (0xb) at pc=0x000000010f1a7aed, pid=4215, tid=11779
#
# JRE version: Java(TM) SE Runtime Environment (8.0_74-b02) (build 1.8.0_74-b02)
# Java VM: Java HotSpot(TM) 64-Bit Server VM (25.74-b02 mixed mode bsd-amd64 compressed oops)
# Problematic frame:
# V  [libjvm.dylib+0x1a7aed]
#
# Failed to write core dump. Core dumps have been disabled. To enable core dumping, try "ulimit -c unlimited" before starting Java again
#
# If you would like to submit a bug report, please visit:
#   http://bugreport.java.com/bugreport/crash.jsp
#

---------------  T H R E A D  ---------------

Current thread (0x00007ff549005800):  GCTaskThread [stack: 0x00007000086f5000,0x00007000087f5000] [id=11779]

siginfo: si_signo: 11 (SIGSEGV), si_code: 1 (SEGV_MAPERR), si_addr: 0x0000000000000090

Registers:
RAX=0x000000010f830930, RBX=0x00007ff546e04c60, RCX=0x0000000000005b03, RDX=0x000000000002dd01
RSP=0x00007000087f4be0, RBP=0x00007000087f4be0, RSI=0x00000006c016eb90, RDI=0x0000000000000088
R8 =0x0000000000000002, R9 =0x00000000000055d3, R10=0x0008244008820101, R11=0x0002000000000000
R12=0x00000006c016eba4, R13=0x00000006c016eba8, R14=0x00000006c016eb90, R15=0x00000007c0001940
RIP=0x000000010f1a7aed, EFLAGS=0x0000000000010206, ERR=0x0000000000000004
  TRAPNO=0x000000000000000e

Top of Stack: (sp=0x00007000087f4be0)
0x00007000087f4be0:   00007000087f4c10 000000010f2bfc2c
0x00007000087f4bf0:   0000000000000000 00007ff546e04c60
0x00007000087f4c00:   00000007c0001938 00000007c0001940
0x00007000087f4c10:   00007000087f4c60 000000010f2bc77d
0x00007000087f4c20:   00007ff546e04c60 00000006c016eb98
0x00007000087f4c30:   0000000000000000 00007ff546e04c60
0x00007000087f4c40:   00000006c016eb98 000000010f6072ae
0x00007000087f4c50:   00007ff546e04c68 000000010f830930
0x00007000087f4c60:   00007000087f4cf0 000000010f4b4010
0x00007000087f4c70:   0000000000000000 00007ff546e04ca0
0x00007000087f4c80:   00007ff546e04ce8 00007ff546e04d20
0x00007000087f4c90:   0000000000000000 0000000000000000
0x00007000087f4ca0:   00000006c016eb98 00007ff547009000
0x00007000087f4cb0:   0000000000000001 000000010f607201
0x00007000087f4cc0:   00007ff549005800 00007ff546e04c60
0x00007000087f4cd0:   0000000000000000 000000010f6072ae
0x00007000087f4ce0:   00007ff5490fb040 0000000000000001
0x00007000087f4cf0:   00007000087f4db0 000000010f4a650a
0x00007000087f4d00:   0000000000000000 000000010f8c2e40
0x00007000087f4d10:   0000000000000000 00007000087f4d60
0x00007000087f4d20:   0000000000000000 000000010f8c2ee0
0x00007000087f4d30:   00007000087f4d00 00007000087f4d60
0x00007000087f4d40:   000000010f8c2f00 000000010f45bc00
0x00007000087f4d50:   00007000087f4d60 00007ff546d06101
0x00007000087f4d60:   000000010f8c8620 000000010f273600
0x00007000087f4d70:   00007ff546e04c60 00007ff546d08410
0x00007000087f4d80:   00007ff546d08440 00007ff546d08450
0x00007000087f4d90:   00007ff546d08828 00000000000003d8
0x00007000087f4da0:   00007ff549005800 00007ff5490fb040
0x00007000087f4db0:   00007000087f4e90 000000010f273c6b
0x00007000087f4dc0:   00007000087f4df0 00007ff546d08410
0x00007000087f4dd0:   00007ff546d08440 00007ff546d08450 

Instructions: (pc=0x000000010f1a7aed)
0x000000010f1a7acd:   84 d2 48 89 fe 74 15 48 8d 05 55 8e 68 00 8a 48
0x000000010f1a7add:   08 8b 7e 08 48 d3 e7 48 03 38 eb 04 48 8b 7e 08
0x000000010f1a7aed:   8b 47 08 85 c0 7e 09 a8 01 75 4e c1 f8 03 eb 47
0x000000010f1a7afd:   85 c0 7f 43 85 c0 79 41 84 d2 0f 94 c1 0f b6 c9 

Register to memory mapping:

RAX=0x000000010f830930: _ZN8Universe13_narrow_klassE+0 in /Library/Java/JavaVirtualMachines/jdk1.8.0_74.jdk/Contents/Home/jre/lib/server/libjvm.dylib at 0x000000010f000000
RBX=0x00007ff546e04c60 is an unknown value
RCX=0x0000000000005b03 is an unknown value
RDX=0x000000000002dd01 is an unknown value
RSP=0x00007000087f4be0 is an unknown value
RBP=0x00007000087f4be0 is an unknown value
RSI=0x00000006c016eb90 is pointing into object: 0x00000006c016eb88
java.lang.Integer 
 - klass: 'java/lang/Integer'
RDI=0x0000000000000088 is an unknown value
R8 =0x0000000000000002 is an unknown value
R9 =0x00000000000055d3 is an unknown value
R10=0x0008244008820101 is an unknown value
R11=0x0002000000000000 is an unknown value
R12=0x00000006c016eba4 is pointing into object: 0x00000006c016eb98
java.lang.String 
 - klass: 'java/lang/String'
R13=0x00000006c016eba8 is pointing into object: 0x00000006c016eb98
java.lang.String 
 - klass: 'java/lang/String'
R14=0x00000006c016eb90 is pointing into object: 0x00000006c016eb88
java.lang.Integer 
 - klass: 'java/lang/Integer'
R15=0x00000007c0001940 is pointing into metadata


Stack: [0x00007000086f5000,0x00007000087f5000],  sp=0x00007000087f4be0,  free space=1022k
Native frames: (J=compiled Java code, j=interpreted, Vv=VM code, C=native code)
V  [libjvm.dylib+0x1a7aed]
V  [libjvm.dylib+0x2bfc2c]
V  [libjvm.dylib+0x2bc77d]
V  [libjvm.dylib+0x4b4010]
V  [libjvm.dylib+0x4a650a]
V  [libjvm.dylib+0x273c6b]
V  [libjvm.dylib+0x482eda]
C  [libsystem_pthread.dylib+0x3abb]  _pthread_body+0xb4
C  [libsystem_pthread.dylib+0x3a07]  _pthread_body+0x0
C  [libsystem_pthread.dylib+0x3231]  thread_start+0xd


---------------  P R O C E S S  ---------------

Java Threads: ( => current thread )
  0x00007ff54a849800 JavaThread "clojure-agent-send-off-pool-3" [_thread_in_native, id=25859, stack(0x0000700009cb7000,0x0000700009db7000)]
  0x00007ff548b7d800 JavaThread "ClosingPipeCloser 622306217" daemon [_thread_blocked, id=25347, stack(0x0000700009bb4000,0x0000700009cb4000)]
  0x00007ff548b3a800 JavaThread "PipeThread 622306217" daemon [_thread_blocked, id=24835, stack(0x0000700009ab1000,0x0000700009bb1000)]
  0x00007ff5471c0800 JavaThread "PipeThread 116895089" daemon [_thread_in_native, id=24323, stack(0x00007000099ae000,0x0000700009aae000)]
  0x00007ff5471c7000 JavaThread "PipeThread 1296951236" daemon [_thread_in_native, id=23815, stack(0x00007000098ab000,0x00007000099ab000)]
  0x00007ff549c21800 JavaThread "clojure-agent-send-off-pool-2" [_thread_blocked, id=23299, stack(0x00007000097a8000,0x00007000098a8000)]
  0x00007ff549b1b000 JavaThread "process reaper" daemon [_thread_in_native, id=3851, stack(0x0000700007fdd000,0x0000700008005000)]
  0x00007ff5472e9000 JavaThread "Thread-3" [_thread_blocked, id=4107, stack(0x00007000096a5000,0x00007000097a5000)]
  0x00007ff549abf800 JavaThread "clojure-agent-send-off-pool-1" [_thread_blocked, id=22787, stack(0x00007000095a2000,0x00007000096a2000)]
  0x00007ff54723b000 JavaThread "clojure-agent-send-off-pool-0" [_thread_blocked, id=22275, stack(0x000070000949f000,0x000070000959f000)]
  0x00007ff549834800 JavaThread "Service Thread" daemon [_thread_blocked, id=21251, stack(0x0000700009299000,0x0000700009399000)]
  0x00007ff54982a000 JavaThread "C1 CompilerThread3" daemon [_thread_blocked, id=20739, stack(0x0000700009196000,0x0000700009296000)]
  0x00007ff549834000 JavaThread "C2 CompilerThread2" daemon [_thread_blocked, id=20227, stack(0x0000700009093000,0x0000700009193000)]
  0x00007ff54901c000 JavaThread "C2 CompilerThread1" daemon [_thread_blocked, id=19715, stack(0x0000700008f90000,0x0000700009090000)]
  0x00007ff54901b800 JavaThread "C2 CompilerThread0" daemon [_thread_blocked, id=19203, stack(0x0000700008e8d000,0x0000700008f8d000)]
  0x00007ff54881a800 JavaThread "Signal Dispatcher" daemon [_thread_blocked, id=18691, stack(0x0000700008d8a000,0x0000700008e8a000)]
  0x00007ff54701b000 JavaThread "Finalizer" daemon [_thread_blocked, id=14339, stack(0x0000700008c04000,0x0000700008d04000)]
  0x00007ff547018000 JavaThread "Reference Handler" daemon [_thread_blocked, id=13827, stack(0x0000700008b01000,0x0000700008c01000)]
  0x00007ff547009000 JavaThread "main" [_thread_blocked, id=1295, stack(0x00007000080e3000,0x00007000081e3000)]

Other Threads:
  0x00007ff548806800 VMThread [stack: 0x00007000089fe000,0x0000700008afe000] [id=13315]
  0x00007ff54903a800 WatcherThread [stack: 0x000070000939c000,0x000070000949c000] [id=21763]

=>0x00007ff549005800 (exited) GCTaskThread [stack: 0x00007000086f5000,0x00007000087f5000] [id=11779]

VM state:at safepoint (normal execution)

VM Mutex/Monitor currently owned by a thread:  ([mutex/lock_event])
[0x00007ff546e017a0] Threads_lock - owner thread: 0x00007ff548806800
[0x00007ff546e01ca0] Heap_lock - owner thread: 0x00007ff549abf800

Heap:
 PSYoungGen      total 245248K, used 14170K [0x000000076ab00000, 0x000000077b580000, 0x00000007c0000000)
  eden space 229888K, 0% used [0x000000076ab00000,0x000000076ab00000,0x0000000778b80000)
  from space 15360K, 92% used [0x000000077a680000,0x000000077b456b90,0x000000077b580000)
  to   space 21504K, 0% used [0x0000000778b80000,0x0000000778b80000,0x000000077a080000)
 ParOldGen       total 116736K, used 15743K [0x00000006c0000000, 0x00000006c7200000, 0x000000076ab00000)
  object space 116736K, 13% used [0x00000006c0000000,0x00000006c0f5ff10,0x00000006c7200000)
 Metaspace       used 32442K, capacity 35324K, committed 35416K, reserved 1077248K
  class space    used 7060K, capacity 7973K, committed 8024K, reserved 1048576K

Card table byte_map: [0x000000010d5f5000,0x000000010ddf6000] byte_map_base: 0x0000000109ff5000

Marking Bits: (ParMarkBitMap*) 0x000000010f8e3ea0
 Begin Bits: [0x000000011f4e5000, 0x00000001234e5000)
 End Bits:   [0x00000001234e5000, 0x00000001274e5000)

Polling page: 0x000000010d222000

CodeCache: size=245760Kb used=8765Kb max_used=8765Kb free=236994Kb
 bounds [0x000000010ff8f000, 0x000000011081f000, 0x000000011ef8f000]
 total_blobs=4396 nmethods=3970 adapters=339
 compilation: enabled

Compilation events (10 events):
Event: 11.083 Thread 0x00007ff54982a000 3967       1       clojure.java.io$fn__9406::invokeStatic (14 bytes)
Event: 11.083 Thread 0x00007ff54982a000 nmethod 3967 0x000000011081d650 code [0x000000011081d7c0, 0x000000011081d968]
Event: 11.084 Thread 0x00007ff54982a000 3968       1       java.lang.ProcessEnvironment$ExternalData::toString (5 bytes)
Event: 11.084 Thread 0x00007ff54982a000 nmethod 3968 0x000000011081da10 code [0x000000011081db60, 0x000000011081dc70]
Event: 11.085 Thread 0x00007ff54982a000 3969       1       java.lang.ProcessEnvironment$ExternalData::getBytes (5 bytes)
Event: 11.085 Thread 0x00007ff54982a000 nmethod 3969 0x000000011081dcd0 code [0x000000011081de20, 0x000000011081df30]
Event: 11.085 Thread 0x00007ff54982a000 3970       1       java.lang.ProcessEnvironment$ExternalData::<init> (15 bytes)
Event: 11.085 Thread 0x00007ff54982a000 nmethod 3970 0x000000011081df90 code [0x000000011081e0e0, 0x000000011081e210]
Event: 11.085 Thread 0x00007ff54982a000 3971       1       java.lang.ProcessEnvironment::arrayHash (27 bytes)
Event: 11.085 Thread 0x00007ff54982a000 nmethod 3971 0x000000011081e290 code [0x000000011081e3e0, 0x000000011081e510]

GC Heap History (10 events):
Event: 3.930 GC heap after
Heap after GC invocations=7 (full 1):
 PSYoungGen      total 120320K, used 7216K [0x000000076ab00000, 0x0000000773100000, 0x00000007c0000000)
  eden space 110080K, 0% used [0x000000076ab00000,0x000000076ab00000,0x0000000771680000)
  from space 10240K, 70% used [0x0000000772100000,0x000000077280c2f0,0x0000000772b00000)
  to   space 10752K, 0% used [0x0000000771680000,0x0000000771680000,0x0000000772100000)
 ParOldGen       total 116736K, used 8415K [0x00000006c0000000, 0x00000006c7200000, 0x000000076ab00000)
  object space 116736K, 7% used [0x00000006c0000000,0x00000006c0837c60,0x00000006c7200000)
 Metaspace       used 26487K, capacity 29340K, committed 29696K, reserved 1073152K
  class space    used 5895K, capacity 6788K, committed 6912K, reserved 1048576K
}
Event: 4.110 GC heap before
{Heap before GC invocations=8 (full 1):
 PSYoungGen      total 120320K, used 117296K [0x000000076ab00000, 0x0000000773100000, 0x00000007c0000000)
  eden space 110080K, 100% used [0x000000076ab00000,0x0000000771680000,0x0000000771680000)
  from space 10240K, 70% used [0x0000000772100000,0x000000077280c2f0,0x0000000772b00000)
  to   space 10752K, 0% used [0x0000000771680000,0x0000000771680000,0x0000000772100000)
 ParOldGen       total 116736K, used 8415K [0x00000006c0000000, 0x00000006c7200000, 0x000000076ab00000)
  object space 116736K, 7% used [0x00000006c0000000,0x00000006c0837c60,0x00000006c7200000)
 Metaspace       used 27884K, capacity 30716K, committed 30976K, reserved 1073152K
  class space    used 6245K, capacity 7140K, committed 7168K, reserved 1048576K
Event: 4.135 GC heap after
Heap after GC invocations=8 (full 1):
 PSYoungGen      total 120832K, used 10752K [0x000000076ab00000, 0x0000000777700000, 0x00000007c0000000)
  eden space 110080K, 0% used [0x000000076ab00000,0x000000076ab00000,0x0000000771680000)
  from space 10752K, 100% used [0x0000000771680000,0x0000000772100000,0x0000000772100000)
  to   space 15360K, 0% used [0x0000000776800000,0x0000000776800000,0x0000000777700000)
 ParOldGen       total 116736K, used 13605K [0x00000006c0000000, 0x00000006c7200000, 0x000000076ab00000)
  object space 116736K, 11% used [0x00000006c0000000,0x00000006c0d495a8,0x00000006c7200000)
 Metaspace       used 27884K, capacity 30716K, committed 30976K, reserved 1073152K
  class space    used 6245K, capacity 7140K, committed 7168K, reserved 1048576K
}
Event: 4.407 GC heap before
{Heap before GC invocations=9 (full 1):
 PSYoungGen      total 120832K, used 120832K [0x000000076ab00000, 0x0000000777700000, 0x00000007c0000000)
  eden space 110080K, 100% used [0x000000076ab00000,0x0000000771680000,0x0000000771680000)
  from space 10752K, 100% used [0x0000000771680000,0x0000000772100000,0x0000000772100000)
  to   space 15360K, 0% used [0x0000000776800000,0x0000000776800000,0x0000000777700000)
 ParOldGen       total 116736K, used 13605K [0x00000006c0000000, 0x00000006c7200000, 0x000000076ab00000)
  object space 116736K, 11% used [0x00000006c0000000,0x00000006c0d495a8,0x00000006c7200000)
 Metaspace       used 28012K, capacity 30876K, committed 31104K, reserved 1073152K
  class space    used 6284K, capacity 7172K, committed 7296K, reserved 1048576K
Event: 4.424 GC heap after
Heap after GC invocations=9 (full 1):
 PSYoungGen      total 190976K, used 15008K [0x000000076ab00000, 0x0000000777f00000, 0x00000007c0000000)
  eden space 175616K, 0% used [0x000000076ab00000,0x000000076ab00000,0x0000000775680000)
  from space 15360K, 97% used [0x0000000776800000,0x00000007776a8000,0x0000000777700000)
  to   space 17920K, 0% used [0x0000000775680000,0x0000000775680000,0x0000000776800000)
 ParOldGen       total 116736K, used 13613K [0x00000006c0000000, 0x00000006c7200000, 0x000000076ab00000)
  object space 116736K, 11% used [0x00000006c0000000,0x00000006c0d4b5a8,0x00000006c7200000)
 Metaspace       used 28012K, capacity 30876K, committed 31104K, reserved 1073152K
  class space    used 6284K, capacity 7172K, committed 7296K, reserved 1048576K
}
Event: 10.445 GC heap before
{Heap before GC invocations=10 (full 1):
 PSYoungGen      total 190976K, used 190624K [0x000000076ab00000, 0x0000000777f00000, 0x00000007c0000000)
  eden space 175616K, 100% used [0x000000076ab00000,0x0000000775680000,0x0000000775680000)
  from space 15360K, 97% used [0x0000000776800000,0x00000007776a8000,0x0000000777700000)
  to   space 17920K, 0% used [0x0000000775680000,0x0000000775680000,0x0000000776800000)
 ParOldGen       total 116736K, used 13613K [0x00000006c0000000, 0x00000006c7200000, 0x000000076ab00000)
  object space 116736K, 11% used [0x00000006c0000000,0x00000006c0d4b5a8,0x00000006c7200000)
 Metaspace       used 31366K, capacity 34276K, committed 34560K, reserved 1075200K
  class space    used 6898K, capacity 7831K, committed 7936K, reserved 1048576K
Event: 10.465 GC heap after
Heap after GC invocations=10 (full 1):
 PSYoungGen      total 193536K, used 16740K [0x000000076ab00000, 0x000000077ba80000, 0x00000007c0000000)
  eden space 175616K, 0% used [0x000000076ab00000,0x000000076ab00000,0x0000000775680000)
  from space 17920K, 93% used [0x0000000775680000,0x00000007766d92b0,0x0000000776800000)
  to   space 20480K, 0% used [0x000000077a680000,0x000000077a680000,0x000000077ba80000)
 ParOldGen       total 116736K, used 13621K [0x00000006c0000000, 0x00000006c7200000, 0x000000076ab00000)
  object space 116736K, 11% used [0x00000006c0000000,0x00000006c0d4d5a8,0x00000006c7200000)
 Metaspace       used 31366K, capacity 34276K, committed 34560K, reserved 1075200K
  class space    used 6898K, capacity 7831K, committed 7936K, reserved 1048576K
}
Event: 25.196 GC heap before
{Heap before GC invocations=11 (full 1):
 PSYoungGen      total 193536K, used 144617K [0x000000076ab00000, 0x000000077ba80000, 0x00000007c0000000)
  eden space 175616K, 72% used [0x000000076ab00000,0x00000007727e1350,0x0000000775680000)
  from space 17920K, 93% used [0x0000000775680000,0x00000007766d92b0,0x0000000776800000)
  to   space 20480K, 0% used [0x000000077a680000,0x000000077a680000,0x000000077ba80000)
 ParOldGen       total 116736K, used 13621K [0x00000006c0000000, 0x00000006c7200000, 0x000000076ab00000)
  object space 116736K, 11% used [0x00000006c0000000,0x00000006c0d4d5a8,0x00000006c7200000)
 Metaspace       used 32442K, capacity 35324K, committed 35416K, reserved 1077248K
  class space    used 7060K, capacity 7973K, committed 8024K, reserved 1048576K
Event: 25.219 GC heap after
Heap after GC invocations=11 (full 1):
 PSYoungGen      total 245248K, used 14170K [0x000000076ab00000, 0x000000077b580000, 0x00000007c0000000)
  eden space 229888K, 0% used [0x000000076ab00000,0x000000076ab00000,0x0000000778b80000)
  from space 15360K, 92% used [0x000000077a680000,0x000000077b456b90,0x000000077b580000)
  to   space 21504K, 0% used [0x0000000778b80000,0x0000000778b80000,0x000000077a080000)
 ParOldGen       total 116736K, used 15743K [0x00000006c0000000, 0x00000006c7200000, 0x000000076ab00000)
  object space 116736K, 13% used [0x00000006c0000000,0x00000006c0f5ff10,0x00000006c7200000)
 Metaspace       used 32442K, capacity 35324K, committed 35416K, reserved 1077248K
  class space    used 7060K, capacity 7973K, committed 8024K, reserved 1048576K
}
Event: 25.219 GC heap before
{Heap before GC invocations=12 (full 2):
 PSYoungGen      total 245248K, used 14170K [0x000000076ab00000, 0x000000077b580000, 0x00000007c0000000)
  eden space 229888K, 0% used [0x000000076ab00000,0x000000076ab00000,0x0000000778b80000)
  from space 15360K, 92% used [0x000000077a680000,0x000000077b456b90,0x000000077b580000)
  to   space 21504K, 0% used [0x0000000778b80000,0x0000000778b80000,0x000000077a080000)
 ParOldGen       total 116736K, used 15743K [0x00000006c0000000, 0x00000006c7200000, 0x000000076ab00000)
  object space 116736K, 13% used [0x00000006c0000000,0x00000006c0f5ff10,0x00000006c7200000)
 Metaspace       used 32442K, capacity 35324K, committed 35416K, reserved 1077248K
  class space    used 7060K, capacity 7973K, committed 8024K, reserved 1048576K

Deoptimization events (0 events):
No events

Internal exceptions (10 events):
Event: 1.800 Thread 0x00007ff547009000 Exception <a 'java/lang/ClassNotFoundException': org/sonatype/aether/util/artifact/DefaultArtifactCustomizer> (0x000000076c51c5e0) thrown at [/Users/java_re/workspace/8-2-build-macosx-x86_64/jdk8u74/6087/hotspot/src/share/vm/classfile/systemDictionary.cpp
Event: 1.800 Thread 0x00007ff547009000 Exception <a 'java/lang/ArrayIndexOutOfBoundsException'> (0x000000076c51f190) thrown at [/Users/java_re/workspace/8-2-build-macosx-x86_64/jdk8u74/6087/hotspot/src/share/vm/runtime/sharedRuntime.cpp, line 605]
Event: 1.800 Thread 0x00007ff547009000 Exception <a 'java/lang/ArrayIndexOutOfBoundsException'> (0x000000076c5211d0) thrown at [/Users/java_re/workspace/8-2-build-macosx-x86_64/jdk8u74/6087/hotspot/src/share/vm/runtime/sharedRuntime.cpp, line 605]
Event: 1.803 Thread 0x00007ff547009000 Exception <a 'java/lang/ClassNotFoundException': org/sonatype/aether/graph/ExclusionBeanInfo> (0x000000076c549f30) thrown at [/Users/java_re/workspace/8-2-build-macosx-x86_64/jdk8u74/6087/hotspot/src/share/vm/classfile/systemDictionary.cpp, line 210]
Event: 1.803 Thread 0x00007ff547009000 Exception <a 'java/lang/ClassNotFoundException': org/sonatype/aether/graph/ExclusionCustomizer> (0x000000076c54ca70) thrown at [/Users/java_re/workspace/8-2-build-macosx-x86_64/jdk8u74/6087/hotspot/src/share/vm/classfile/systemDictionary.cpp, line 210]
Event: 1.830 Thread 0x00007ff547009000 Exception <a 'java/security/PrivilegedActionException'> (0x000000076c775440) thrown at [/Users/java_re/workspace/8-2-build-macosx-x86_64/jdk8u74/6087/hotspot/src/share/vm/prims/jvm.cpp, line 1386]
Event: 1.830 Thread 0x00007ff547009000 Exception <a 'java/security/PrivilegedActionException'> (0x000000076c775838) thrown at [/Users/java_re/workspace/8-2-build-macosx-x86_64/jdk8u74/6087/hotspot/src/share/vm/prims/jvm.cpp, line 1386]
Event: 1.858 Thread 0x00007ff547009000 Exception <a 'java/lang/ClassNotFoundException': useful/java__init> (0x000000076cb24cb8) thrown at [/Users/java_re/workspace/8-2-build-macosx-x86_64/jdk8u74/6087/hotspot/src/share/vm/classfile/systemDictionary.cpp, line 210]
Event: 1.946 Thread 0x00007ff547009000 Exception <a 'java/lang/ClassNotFoundException': clojure/tools/logging__init> (0x000000076d415d38) thrown at [/Users/java_re/workspace/8-2-build-macosx-x86_64/jdk8u74/6087/hotspot/src/share/vm/classfile/systemDictionary.cpp, line 210]
Event: 4.034 Thread 0x00007ff54723b000 Exception <a 'java/io/FileNotFoundException'> (0x000000076e9fc260) thrown at [/Users/java_re/workspace/8-2-build-macosx-x86_64/jdk8u74/6087/hotspot/src/share/vm/prims/jni.cpp, line 709]

Events (10 events):
Event: 25.195 loading class clojure/tools/nrepl/transport$bencode$fn__10133 done
Event: 25.195 loading class clojure/tools/nrepl/transport$bencode$fn__10138
Event: 25.196 loading class clojure/tools/nrepl/transport$bencode$fn__10138 done
Event: 25.196 loading class clojure/tools/nrepl/transport$fn_transport$fn__10100
Event: 25.196 loading class clojure/tools/nrepl/transport$fn_transport$fn__10100 done
Event: 25.196 loading class clojure/tools/nrepl/transport$fn_transport$fn__10102
Event: 25.196 loading class clojure/tools/nrepl/transport$bencode$fn__10128$fn__10129
Event: 25.196 loading class clojure/tools/nrepl/transport$fn_transport$fn__10102 done
Event: 25.196 loading class clojure/tools/nrepl/transport$bencode$fn__10128$fn__10129 done
Event: 25.196 Executing VM operation: CollectForMetadataAllocation


Dynamic libraries:
0x0000000004220000 	/System/Library/Frameworks/Cocoa.framework/Versions/A/Cocoa
0x0000000004220000 	/System/Library/Frameworks/Security.framework/Versions/A/Security
0x0000000004220000 	/System/Library/Frameworks/ApplicationServices.framework/Versions/A/ApplicationServices
0x0000000004220000 	/usr/lib/libz.1.dylib
0x0000000004220000 	/usr/lib/libSystem.B.dylib
0x0000000004220000 	/usr/lib/libobjc.A.dylib
0x0000000004220000 	/System/Library/Frameworks/CoreFoundation.framework/Versions/A/CoreFoundation
0x0000000004220000 	/System/Library/Frameworks/Foundation.framework/Versions/C/Foundation
0x0000000004220000 	/System/Library/Frameworks/AppKit.framework/Versions/C/AppKit
0x0000000004220000 	/System/Library/Frameworks/CoreData.framework/Versions/A/CoreData
0x0000000004220000 	/System/Library/PrivateFrameworks/RemoteViewServices.framework/Versions/A/RemoteViewServices
0x0000000004220000 	/System/Library/PrivateFrameworks/UIFoundation.framework/Versions/A/UIFoundation
0x0000000004220000 	/usr/lib/libenergytrace.dylib
0x0000000004220000 	/System/Library/PrivateFrameworks/SkyLight.framework/Versions/A/SkyLight
0x0000000004220000 	/System/Library/Frameworks/CoreGraphics.framework/Versions/A/CoreGraphics
0x0000000004220000 	/usr/lib/libScreenReader.dylib
0x0000000004220000 	/System/Library/Frameworks/Accelerate.framework/Versions/A/Accelerate
0x0000000004220000 	/System/Library/Frameworks/IOSurface.framework/Versions/A/IOSurface
0x0000000004220000 	/System/Library/Frameworks/AudioToolbox.framework/Versions/A/AudioToolbox
0x0000000004220000 	/System/Library/Frameworks/AudioUnit.framework/Versions/A/AudioUnit
0x0000000004220000 	/System/Library/PrivateFrameworks/DataDetectorsCore.framework/Versions/A/DataDetectorsCore
0x0000000004220000 	/System/Library/PrivateFrameworks/DesktopServicesPriv.framework/Versions/A/DesktopServicesPriv
0x0000000004220000 	/System/Library/Frameworks/Carbon.framework/Versions/A/Frameworks/HIToolbox.framework/Versions/A/HIToolbox
0x0000000004220000 	/usr/lib/libicucore.A.dylib
0x0000000004220000 	/System/Library/Frameworks/QuartzCore.framework/Versions/A/QuartzCore
0x0000000004220000 	/System/Library/Frameworks/Carbon.framework/Versions/A/Frameworks/SpeechRecognition.framework/Versions/A/SpeechRecognition
0x0000000004220000 	/usr/lib/libauto.dylib
0x0000000004220000 	/usr/lib/libxml2.2.dylib
0x0000000004220000 	/System/Library/PrivateFrameworks/CoreUI.framework/Versions/A/CoreUI
0x0000000004220000 	/System/Library/Frameworks/CoreAudio.framework/Versions/A/CoreAudio
0x0000000004220000 	/System/Library/Frameworks/DiskArbitration.framework/Versions/A/DiskArbitration
0x0000000004220000 	/usr/lib/liblangid.dylib
0x0000000004220000 	/System/Library/PrivateFrameworks/MultitouchSupport.framework/Versions/A/MultitouchSupport
0x0000000004220000 	/System/Library/Frameworks/IOKit.framework/Versions/A/IOKit
0x0000000004220000 	/usr/lib/libDiagnosticMessagesClient.dylib
0x0000000004220000 	/System/Library/Frameworks/CoreServices.framework/Versions/A/CoreServices
0x0000000004220000 	/System/Library/PrivateFrameworks/PerformanceAnalysis.framework/Versions/A/PerformanceAnalysis
0x0000000004220000 	/System/Library/PrivateFrameworks/GenerationalStorage.framework/Versions/A/GenerationalStorage
0x0000000004220000 	/System/Library/Frameworks/OpenGL.framework/Versions/A/OpenGL
0x0000000004220000 	/System/Library/Frameworks/CoreImage.framework/Versions/A/CoreImage
0x0000000004220000 	/System/Library/Frameworks/CoreText.framework/Versions/A/CoreText
0x0000000004220000 	/System/Library/Frameworks/ImageIO.framework/Versions/A/ImageIO
0x0000000004220000 	/System/Library/PrivateFrameworks/Backup.framework/Versions/A/Backup
0x0000000004220000 	/usr/lib/libarchive.2.dylib
0x0000000004220000 	/System/Library/Frameworks/CFNetwork.framework/Versions/A/CFNetwork
0x0000000004220000 	/System/Library/Frameworks/SystemConfiguration.framework/Versions/A/SystemConfiguration
0x0000000004220000 	/usr/lib/libCRFSuite.dylib
0x0000000004220000 	/usr/lib/libc++.1.dylib
0x0000000004220000 	/usr/lib/libc++abi.dylib
0x0000000004220000 	/usr/lib/system/libcache.dylib
0x0000000004220000 	/usr/lib/system/libcommonCrypto.dylib
0x0000000004220000 	/usr/lib/system/libcompiler_rt.dylib
0x0000000004220000 	/usr/lib/system/libcopyfile.dylib
0x0000000004220000 	/usr/lib/system/libcorecrypto.dylib
0x0000000004220000 	/usr/lib/system/libdispatch.dylib
0x0000000004220000 	/usr/lib/system/libdyld.dylib
0x0000000004220000 	/usr/lib/system/libkeymgr.dylib
0x0000000004220000 	/usr/lib/system/liblaunch.dylib
0x0000000004220000 	/usr/lib/system/libmacho.dylib
0x0000000004220000 	/usr/lib/system/libquarantine.dylib
0x0000000004220000 	/usr/lib/system/libremovefile.dylib
0x0000000004220000 	/usr/lib/system/libsystem_asl.dylib
0x0000000004220000 	/usr/lib/system/libsystem_blocks.dylib
0x0000000004220000 	/usr/lib/system/libsystem_c.dylib
0x0000000004220000 	/usr/lib/system/libsystem_configuration.dylib
0x0000000004220000 	/usr/lib/system/libsystem_coreservices.dylib
0x0000000004220000 	/usr/lib/system/libsystem_coretls.dylib
0x0000000004220000 	/usr/lib/system/libsystem_dnssd.dylib
0x0000000004220000 	/usr/lib/system/libsystem_info.dylib
0x0000000004220000 	/usr/lib/system/libsystem_kernel.dylib
0x0000000004220000 	/usr/lib/system/libsystem_m.dylib
0x0000000004220000 	/usr/lib/system/libsystem_malloc.dylib
0x0000000004220000 	/usr/lib/system/libsystem_network.dylib
0x0000000004220000 	/usr/lib/system/libsystem_networkextension.dylib
0x0000000004220000 	/usr/lib/system/libsystem_notify.dylib
0x0000000004220000 	/usr/lib/system/libsystem_platform.dylib
0x0000000004220000 	/usr/lib/system/libsystem_pthread.dylib
0x0000000004220000 	/usr/lib/system/libsystem_sandbox.dylib
0x0000000004220000 	/usr/lib/system/libsystem_secinit.dylib
0x0000000004220000 	/usr/lib/system/libsystem_symptoms.dylib
0x0000000004220000 	/usr/lib/system/libsystem_trace.dylib
0x0000000004220000 	/usr/lib/system/libunwind.dylib
0x0000000004220000 	/usr/lib/system/libxpc.dylib
0x0000000004220000 	/usr/lib/libbsm.0.dylib
0x0000000004220000 	/usr/lib/system/libkxld.dylib
0x0000000004220000 	/usr/lib/libcoretls.dylib
0x0000000004220000 	/usr/lib/libcoretls_cfhelpers.dylib
0x0000000004220000 	/usr/lib/libxar.1.dylib
0x0000000004220000 	/usr/lib/libsqlite3.dylib
0x0000000004220000 	/usr/lib/libpam.2.dylib
0x0000000004220000 	/usr/lib/libOpenScriptingUtil.dylib
0x0000000004220000 	/usr/lib/libbz2.1.0.dylib
0x0000000004220000 	/usr/lib/liblzma.5.dylib
0x0000000004220000 	/usr/lib/libnetwork.dylib
0x0000000004220000 	/usr/lib/libpcap.A.dylib
0x0000000004220000 	/System/Library/Frameworks/CoreServices.framework/Versions/A/Frameworks/FSEvents.framework/Versions/A/FSEvents
0x0000000004220000 	/System/Library/Frameworks/CoreServices.framework/Versions/A/Frameworks/CarbonCore.framework/Versions/A/CarbonCore
0x0000000004220000 	/System/Library/Frameworks/CoreServices.framework/Versions/A/Frameworks/Metadata.framework/Versions/A/Metadata
0x0000000004220000 	/System/Library/Frameworks/CoreServices.framework/Versions/A/Frameworks/OSServices.framework/Versions/A/OSServices
0x0000000004220000 	/System/Library/Frameworks/CoreServices.framework/Versions/A/Frameworks/SearchKit.framework/Versions/A/SearchKit
0x0000000004220000 	/System/Library/Frameworks/CoreServices.framework/Versions/A/Frameworks/AE.framework/Versions/A/AE
0x0000000004220000 	/System/Library/Frameworks/CoreServices.framework/Versions/A/Frameworks/LaunchServices.framework/Versions/A/LaunchServices
0x0000000004220000 	/System/Library/Frameworks/CoreServices.framework/Versions/A/Frameworks/DictionaryServices.framework/Versions/A/DictionaryServices
0x0000000004220000 	/System/Library/Frameworks/CoreServices.framework/Versions/A/Frameworks/SharedFileList.framework/Versions/A/SharedFileList
0x0000000004220000 	/System/Library/Frameworks/NetFS.framework/Versions/A/NetFS
0x0000000004220000 	/System/Library/PrivateFrameworks/NetAuth.framework/Versions/A/NetAuth
0x0000000004220000 	/System/Library/PrivateFrameworks/login.framework/Versions/A/Frameworks/loginsupport.framework/Versions/A/loginsupport
0x0000000004220000 	/System/Library/PrivateFrameworks/TCC.framework/Versions/A/TCC
0x0000000004220000 	/usr/lib/libmecabra.dylib
0x0000000004220000 	/System/Library/Frameworks/ApplicationServices.framework/Versions/A/Frameworks/ATS.framework/Versions/A/ATS
0x0000000004220000 	/System/Library/Frameworks/ApplicationServices.framework/Versions/A/Frameworks/ColorSync.framework/Versions/A/ColorSync
0x0000000004220000 	/System/Library/Frameworks/ApplicationServices.framework/Versions/A/Frameworks/HIServices.framework/Versions/A/HIServices
0x0000000004220000 	/System/Library/Frameworks/ApplicationServices.framework/Versions/A/Frameworks/LangAnalysis.framework/Versions/A/LangAnalysis
0x0000000004220000 	/System/Library/Frameworks/ApplicationServices.framework/Versions/A/Frameworks/PrintCore.framework/Versions/A/PrintCore
0x0000000004220000 	/System/Library/Frameworks/ApplicationServices.framework/Versions/A/Frameworks/QD.framework/Versions/A/QD
0x0000000004220000 	/System/Library/Frameworks/ApplicationServices.framework/Versions/A/Frameworks/SpeechSynthesis.framework/Versions/A/SpeechSynthesis
0x0000000004220000 	/System/Library/Frameworks/Accelerate.framework/Versions/A/Frameworks/vImage.framework/Versions/A/vImage
0x0000000004220000 	/System/Library/Frameworks/Accelerate.framework/Versions/A/Frameworks/vecLib.framework/Versions/A/vecLib
0x0000000004220000 	/System/Library/Frameworks/Accelerate.framework/Versions/A/Frameworks/vecLib.framework/Versions/A/libvDSP.dylib
0x0000000004220000 	/System/Library/Frameworks/Accelerate.framework/Versions/A/Frameworks/vecLib.framework/Versions/A/libBNNS.dylib
0x0000000004220000 	/System/Library/Frameworks/Accelerate.framework/Versions/A/Frameworks/vecLib.framework/Versions/A/libQuadrature.dylib
0x0000000004220000 	/System/Library/Frameworks/Accelerate.framework/Versions/A/Frameworks/vecLib.framework/Versions/A/libvMisc.dylib
0x0000000004220000 	/System/Library/Frameworks/Accelerate.framework/Versions/A/Frameworks/vecLib.framework/Versions/A/libLAPACK.dylib
0x0000000004220000 	/System/Library/Frameworks/Accelerate.framework/Versions/A/Frameworks/vecLib.framework/Versions/A/libBLAS.dylib
0x0000000004220000 	/System/Library/Frameworks/Accelerate.framework/Versions/A/Frameworks/vecLib.framework/Versions/A/libLinearAlgebra.dylib
0x0000000004220000 	/System/Library/Frameworks/Accelerate.framework/Versions/A/Frameworks/vecLib.framework/Versions/A/libSparseBLAS.dylib
0x0000000004220000 	/System/Library/Frameworks/ApplicationServices.framework/Versions/A/Frameworks/ATS.framework/Versions/A/Resources/libFontParser.dylib
0x0000000004220000 	/System/Library/Frameworks/ApplicationServices.framework/Versions/A/Frameworks/ATS.framework/Versions/A/Resources/libFontRegistry.dylib
0x0000000004220000 	/System/Library/Frameworks/ImageIO.framework/Versions/A/Resources/libJPEG.dylib
0x0000000004220000 	/System/Library/Frameworks/ImageIO.framework/Versions/A/Resources/libTIFF.dylib
0x0000000004220000 	/System/Library/Frameworks/ImageIO.framework/Versions/A/Resources/libPng.dylib
0x0000000004220000 	/System/Library/Frameworks/ImageIO.framework/Versions/A/Resources/libGIF.dylib
0x0000000004220000 	/System/Library/Frameworks/ImageIO.framework/Versions/A/Resources/libJP2.dylib
0x0000000004220000 	/System/Library/Frameworks/ImageIO.framework/Versions/A/Resources/libRadiance.dylib
0x0000000004220000 	/usr/lib/libcompression.dylib
0x0000000004220000 	/System/Library/PrivateFrameworks/AppleJPEG.framework/Versions/A/AppleJPEG
0x0000000004220000 	/usr/lib/libcups.2.dylib
0x0000000004220000 	/System/Library/Frameworks/Kerberos.framework/Versions/A/Kerberos
0x0000000004220000 	/System/Library/Frameworks/GSS.framework/Versions/A/GSS
0x0000000004220000 	/usr/lib/libresolv.9.dylib
0x0000000004220000 	/usr/lib/libiconv.2.dylib
0x0000000004220000 	/System/Library/PrivateFrameworks/Heimdal.framework/Versions/A/Heimdal
0x0000000004220000 	/usr/lib/libheimdal-asn1.dylib
0x0000000004220000 	/System/Library/Frameworks/OpenDirectory.framework/Versions/A/OpenDirectory
0x0000000004220000 	/System/Library/PrivateFrameworks/CommonAuth.framework/Versions/A/CommonAuth
0x0000000004220000 	/System/Library/Frameworks/OpenDirectory.framework/Versions/A/Frameworks/CFOpenDirectory.framework/Versions/A/CFOpenDirectory
0x0000000004220000 	/System/Library/Frameworks/SecurityFoundation.framework/Versions/A/SecurityFoundation
0x0000000004220000 	/System/Library/PrivateFrameworks/LanguageModeling.framework/Versions/A/LanguageModeling
0x0000000004220000 	/usr/lib/libmarisa.dylib
0x0000000004220000 	/usr/lib/libChineseTokenizer.dylib
0x0000000004220000 	/usr/lib/libcmph.dylib
0x0000000004220000 	/System/Library/PrivateFrameworks/CoreEmoji.framework/Versions/A/CoreEmoji
0x0000000004220000 	/System/Library/Frameworks/ServiceManagement.framework/Versions/A/ServiceManagement
0x0000000004220000 	/usr/lib/libxslt.1.dylib
0x0000000004220000 	/System/Library/Frameworks/Carbon.framework/Versions/A/Frameworks/Ink.framework/Versions/A/Ink
0x0000000004220000 	/System/Library/PrivateFrameworks/TextureIO.framework/Versions/A/TextureIO
0x0000000004220000 	/System/Library/Frameworks/Metal.framework/Versions/A/Metal
0x0000000004220000 	/usr/lib/libate.dylib
0x0000000004220000 	/System/Library/PrivateFrameworks/GPUCompiler.framework/libmetal_timestamp.dylib
0x0000000004220000 	/System/Library/Frameworks/OpenGL.framework/Versions/A/Libraries/libCoreFSCache.dylib
0x0000000004220000 	/System/Library/PrivateFrameworks/IOAccelerator.framework/Versions/A/IOAccelerator
0x0000000004220000 	/System/Library/Frameworks/CoreVideo.framework/Versions/A/CoreVideo
0x0000000004220000 	/usr/lib/libFosl_dynamic.dylib
0x0000000004220000 	/System/Library/PrivateFrameworks/MetalPerformanceShaders.framework/Versions/A/MetalPerformanceShaders
0x0000000004220000 	/System/Library/PrivateFrameworks/FaceCore.framework/Versions/A/FaceCore
0x0000000004220000 	/System/Library/Frameworks/OpenCL.framework/Versions/A/OpenCL
0x0000000004220000 	/System/Library/Frameworks/OpenGL.framework/Versions/A/Libraries/libGLU.dylib
0x0000000004220000 	/System/Library/Frameworks/OpenGL.framework/Versions/A/Libraries/libGFXShared.dylib
0x0000000004220000 	/System/Library/Frameworks/OpenGL.framework/Versions/A/Libraries/libGL.dylib
0x0000000004220000 	/System/Library/Frameworks/OpenGL.framework/Versions/A/Libraries/libGLImage.dylib
0x0000000004220000 	/System/Library/Frameworks/OpenGL.framework/Versions/A/Libraries/libCVMSPluginSupport.dylib
0x0000000004220000 	/System/Library/Frameworks/OpenGL.framework/Versions/A/Libraries/libCoreVMClient.dylib
0x0000000004220000 	/System/Library/PrivateFrameworks/CrashReporterSupport.framework/Versions/A/CrashReporterSupport
0x0000000004220000 	/System/Library/PrivateFrameworks/Sharing.framework/Versions/A/Sharing
0x0000000004220000 	/System/Library/PrivateFrameworks/IconServices.framework/Versions/A/IconServices
0x0000000004220000 	/System/Library/PrivateFrameworks/ProtocolBuffer.framework/Versions/A/ProtocolBuffer
0x0000000004220000 	/System/Library/PrivateFrameworks/Apple80211.framework/Versions/A/Apple80211
0x0000000004220000 	/System/Library/Frameworks/CoreWLAN.framework/Versions/A/CoreWLAN
0x0000000004220000 	/System/Library/PrivateFrameworks/CoreUtils.framework/Versions/A/CoreUtils
0x0000000004220000 	/System/Library/Frameworks/IOBluetooth.framework/Versions/A/IOBluetooth
0x0000000004220000 	/System/Library/PrivateFrameworks/CoreWiFi.framework/Versions/A/CoreWiFi
0x0000000004220000 	/System/Library/Frameworks/CoreBluetooth.framework/Versions/A/CoreBluetooth
0x0000000004220000 	/System/Library/Frameworks/CoreDisplay.framework/Versions/A/CoreDisplay
0x0000000004220000 	/System/Library/PrivateFrameworks/IOPresentment.framework/Versions/A/IOPresentment
0x0000000004220000 	/System/Library/PrivateFrameworks/DebugSymbols.framework/Versions/A/DebugSymbols
0x0000000004220000 	/System/Library/PrivateFrameworks/CoreSymbolication.framework/Versions/A/CoreSymbolication
0x0000000004220000 	/System/Library/PrivateFrameworks/Symbolication.framework/Versions/A/Symbolication
0x0000000004220000 	/System/Library/PrivateFrameworks/AppleFSCompression.framework/Versions/A/AppleFSCompression
0x0000000004220000 	/System/Library/PrivateFrameworks/SpeechRecognitionCore.framework/Versions/A/SpeechRecognitionCore
0x0000000004220000 	/System/Library/PrivateFrameworks/ChunkingLibrary.framework/Versions/A/ChunkingLibrary
0x000000010f000000 	/Library/Java/JavaVirtualMachines/jdk1.8.0_74.jdk/Contents/Home/jre/lib/server/libjvm.dylib
0x0000000004220000 	/usr/lib/libstdc++.6.dylib
0x000000010d1df000 	/Library/Java/JavaVirtualMachines/jdk1.8.0_74.jdk/Contents/Home/jre/lib/libverify.dylib
0x000000010d1ed000 	/Library/Java/JavaVirtualMachines/jdk1.8.0_74.jdk/Contents/Home/jre/lib/libjava.dylib
0x000000010d22c000 	/Library/Java/JavaVirtualMachines/jdk1.8.0_74.jdk/Contents/Home/jre/lib/libzip.dylib
0x000000012a31a000 	/System/Library/Frameworks/JavaVM.framework/Frameworks/JavaRuntimeSupport.framework/JavaRuntimeSupport
0x000000012a334000 	/System/Library/Frameworks/JavaVM.framework/Versions/A/Frameworks/JavaNativeFoundation.framework/Versions/A/JavaNativeFoundation
0x000000012a349000 	/System/Library/Frameworks/JavaVM.framework/Versions/A/JavaVM
0x0000000004220000 	/System/Library/Frameworks/Carbon.framework/Versions/A/Carbon
0x000000010dff4000 	/System/Library/PrivateFrameworks/JavaLaunching.framework/Versions/A/JavaLaunching
0x0000000004220000 	/System/Library/Frameworks/Carbon.framework/Versions/A/Frameworks/CommonPanels.framework/Versions/A/CommonPanels
0x0000000004220000 	/System/Library/Frameworks/Carbon.framework/Versions/A/Frameworks/Help.framework/Versions/A/Help
0x0000000004220000 	/System/Library/Frameworks/Carbon.framework/Versions/A/Frameworks/ImageCapture.framework/Versions/A/ImageCapture
0x0000000004220000 	/System/Library/Frameworks/Carbon.framework/Versions/A/Frameworks/OpenScripting.framework/Versions/A/OpenScripting
0x0000000004220000 	/System/Library/Frameworks/Carbon.framework/Versions/A/Frameworks/Print.framework/Versions/A/Print
0x0000000004220000 	/System/Library/Frameworks/Carbon.framework/Versions/A/Frameworks/SecurityHI.framework/Versions/A/SecurityHI
0x000000012bfd6000 	/Library/Java/JavaVirtualMachines/jdk1.8.0_74.jdk/Contents/Home/jre/lib/libsunec.dylib
0x000000012c5fe000 	/Library/Java/JavaVirtualMachines/jdk1.8.0_74.jdk/Contents/Home/jre/lib/libnet.dylib
0x000000012c615000 	/Library/Java/JavaVirtualMachines/jdk1.8.0_74.jdk/Contents/Home/jre/lib/libnio.dylib

VM Arguments:
jvm_args: -Xbootclasspath/a:/usr/local/Cellar/leiningen/2.6.1/libexec/leiningen-2.6.1-standalone.jar -Dfile.encoding=UTF-8 -Dmaven.wagon.http.ssl.easy=false -Dmaven.wagon.rto=10000 -XX:+TieredCompilation -XX:TieredStopAtLevel=1 -Dleiningen.original.pwd=/Users/jnorton/Clojure/repl_test -Dleiningen.script=/usr/local/bin/lein 
java_command: clojure.main -m leiningen.core.main with-profile +debug-repl repl :start :port 7777
java_class_path (initial): :/usr/local/Cellar/leiningen/2.6.1/libexec/leiningen-2.6.1-standalone.jar
Launcher Type: SUN_STANDARD

Environment Variables:
PATH=/Users/jnorton/.rvm/bin:/Users/jnorton/.rvm/gems/ruby-2.0.0-p598/bin:/Users/jnorton/.rvm/gems/ruby-2.0.0-p598@global/bin:/Users/jnorton/.rvm/rubies/ruby-2.0.0-p598/bin:/opt/local/bin:/opt/local/sbin:/usr/local/apache-maven-3.0.3/bin:/bin:/usr/local/sbin:/usr/local/bin:/Users/jnorton/.rvm/bin:/usr/local/bin:/usr/bin:/bin:/usr/sbin:/sbin:/opt/X11/bin:/usr/texbin:/Users/jnorton/bin:/Users/jnorton/packer:/usr/local/texlive/2014/bin/x86_64-darwin:/Users/jnorton/.rvm/bin:/usr/local/mysql/bin:/opt/local/bin:/usr/local/apache-maven-2.0.9/bin:/Users/jnorton/.cljr/bin:/Users/jnorton/bin:/Users/jnorton/packer:/usr/local/texlive/2014/bin/x86_64-darwin:/Users/jnorton/.rvm/bin
SHELL=/bin/bash
DISPLAY=/private/tmp/com.apple.launchd.BYJlxNQgdP/org.macosforge.xquartz:0

Signal Handlers:
SIGSEGV: [libjvm.dylib+0x5a6855], sa_mask[0]=11111111011111110111111111111111, sa_flags=SA_ONSTACK|SA_RESTART|SA_SIGINFO
SIGBUS: [libjvm.dylib+0x5a6855], sa_mask[0]=11111111011111110111111111111111, sa_flags=SA_RESTART|SA_SIGINFO
SIGFPE: [libjvm.dylib+0x4804ec], sa_mask[0]=11111111011111110111111111111111, sa_flags=SA_RESTART|SA_SIGINFO
SIGPIPE: [libjvm.dylib+0x4804ec], sa_mask[0]=11111111011111110111111111111111, sa_flags=SA_RESTART|SA_SIGINFO
SIGXFSZ: [libjvm.dylib+0x4804ec], sa_mask[0]=11111111011111110111111111111111, sa_flags=SA_RESTART|SA_SIGINFO
SIGILL: [libjvm.dylib+0x4804ec], sa_mask[0]=11111111011111110111111111111111, sa_flags=SA_RESTART|SA_SIGINFO
SIGUSR1: SIG_DFL, sa_mask[0]=11011111011111100000000111000110, sa_flags=none
SIGUSR2: [libjvm.dylib+0x48000a], sa_mask[0]=00000000000000000000000000000000, sa_flags=SA_RESTART|SA_SIGINFO
SIGHUP: [libjvm.dylib+0x47e5e1], sa_mask[0]=11111111011111110111111111111111, sa_flags=SA_RESTART|SA_SIGINFO
SIGINT: [libjvm.dylib+0x47e5e1], sa_mask[0]=11111111011111110111111111111111, sa_flags=SA_RESTART|SA_SIGINFO
SIGTERM: [libjvm.dylib+0x47e5e1], sa_mask[0]=11111111011111110111111111111111, sa_flags=SA_RESTART|SA_SIGINFO
SIGQUIT: [libjvm.dylib+0x47e5e1], sa_mask[0]=11111111011111110111111111111111, sa_flags=SA_RESTART|SA_SIGINFO


---------------  S Y S T E M  ---------------

OS:Bsduname:Darwin 16.0.0 Darwin Kernel Version 16.0.0: Mon Aug 29 17:56:20 PDT 2016; root:xnu-3789.1.32~3/RELEASE_X86_64 x86_64
rlimit: STACK 8192k, CORE 0k, NPROC 709, NOFILE 10240, AS infinity
load average:2.76 2.25 2.58

CPU:total 8 (4 cores per cpu, 2 threads per core) family 6 model 42 stepping 7, cmov, cx8, fxsr, mmx, sse, sse2, sse3, ssse3, sse4.1, sse4.2, popcnt, avx, aes, clmul, ht, tsc, tscinvbit

Memory: 4k page, physical 16777216k(439092k free)

/proc/meminfo:


vm_info: Java HotSpot(TM) 64-Bit Server VM (25.74-b02) for bsd-amd64 JRE (1.8.0_74-b02), built on Jan 29 2016 15:32:34 by "java_re" with gcc 4.2.1 (Based on Apple Inc. build 5658) (LLVM build 2336.11.00)

time: Sun Nov 20 00:26:59 2016
elapsed time: 25 seconds (0d 0h 0m 25s)

